<beans xmlns="http://www.springframework.org/schema/beans"
	xmlns:s="http://www.springframework.org/schema/security" xmlns:xsi="http://www.w3.org/2001/XMLSchema-instance"
	xsi:schemaLocation="http://www.springframework.org/schema/beans http://www.springframework.org/schema/beans/spring-beans-3.1.xsd
                    http://www.springframework.org/schema/security http://www.springframework.org/schema/security/spring-security-3.1.xsd">

	<s:global-method-security proxy-target-class="true"
		pre-post-annotations="enabled">
		<s:expression-handler ref="methodSecurityExpressionHandler" />
	</s:global-method-security>

	<bean id="methodSecurityExpressionHandler" class="org.springframework.security.access.expression.method.DefaultMethodSecurityExpressionHandler">
		
		<property name="parameterNameDiscoverer">
			<bean class="mpi.MockitoMockParameterNameDiscoverer" />
		</property>
	</bean>

</beans>